<?xml version="1.0" encoding="UTF-8"?>
<!-- Generated by org.testng.reporters.JUnitReportReporter -->
<testsuite skipped="0" hostname="DESKTOP-QORI3ML" name="com.qa.testcases.LoginPageTest" tests="3" failures="0" timestamp="28 Sep 2018 22:37:18 GMT" time="46.978" errors="0">
  <testcase name="loginPageTitletest" time="11.430" classname="com.qa.testcases.LoginPageTest"/>
  <testcase name="anyautLogoImageTest" time="11.836" classname="com.qa.testcases.LoginPageTest"/>
  <testcase name="loginTest" time="23.712" classname="com.qa.testcases.LoginPageTest"/>
</testsuite> <!-- com.qa.testcases.LoginPageTest -->
