<?xml version="1.0" encoding="UTF-8"?>
<!-- Generated by org.testng.reporters.JUnitReportReporter -->
<testsuite skipped="0" hostname="DESKTOP-QORI3ML" name="com.qa.testcases.DashboardPageTest" tests="3" failures="0" timestamp="25 Sep 2018 03:12:00 GMT" time="63.779" errors="0">
  <testcase name="dashboardPageTitletest" time="11.970" classname="com.qa.testcases.DashboardPageTest"/>
  <testcase name="dashboardLogoProfileTest" time="37.631" classname="com.qa.testcases.DashboardPageTest"/>
  <testcase name="dashboardModuleClick" time="14.178" classname="com.qa.testcases.DashboardPageTest"/>
</testsuite> <!-- com.qa.testcases.DashboardPageTest -->
