<?xml version="1.0" encoding="UTF-8"?>
<!-- Generated by org.testng.reporters.JUnitReportReporter -->
<testsuite skipped="0" hostname="DESKTOP-QORI3ML" name="com.qa.testcases.ModulePageTest" tests="3" failures="0" timestamp="25 Sep 2018 03:12:00 GMT" time="46.277" errors="0">
  <testcase name="ModulePageTitletest" time="14.543" classname="com.qa.testcases.ModulePageTest"/>
  <testcase name="validateCreateNewModule" time="14.520" classname="com.qa.testcases.ModulePageTest"/>
  <testcase name="validateCreateNewModule" time="17.214" classname="com.qa.testcases.ModulePageTest"/>
</testsuite> <!-- com.qa.testcases.ModulePageTest -->
